Running on host: gpua050.delta.ncsa.illinois.edu
Starting at: Sun Jan  4 14:01:38 CST 2026
CUDA visible devices: 0
Python 3.12.1
/u/gkerex/pyenv/torch/bin/python
job is starting on gpua050.delta.ncsa.illinois.edu
Running: python -u ../src/train_stats_sym.py --h5-path ../data/camels_LH.hdf5 --n-generations 20 --n-weight-epochs 100 --n-transforms 4 --top-k 16 --batch-size 32 --include-moments --include-cumulants --use-mlp-head --normalize-input log_std --normalize-output minmax --wandb --wandb-project stats_sym --save-model --save-plots
Using device: cuda

Loading data...
Dataset size: 1000
Target params: ['Omega_m', 'sigma_8', 'A_SN1', 'A_AGN1', 'A_SN2', 'A_AGN2']
Split sizes -> train: 800, val: 100, test: 100
Computing normalization statistics...
Input features: 1, Output dim: 6
WandB initialized: upbeat-aardvark-7

Creating model...
Model parameters: 3,558
Summary features: 19
Statistics per transform: 19

Starting training...

============================================================
Training Simplified Set-DSR (no symbolic transforms)
============================================================
Summary features: 19
Top-K: disabled
============================================================


Training complete!
Final val R²: -0.0059

Features used: ['x_0']...

Selected features: ['f0_mean', 'f0_var', 'f0_std', 'f0_skew', 'f0_kurtosis', 'f0_min_soft', 'f0_max_soft', 'f0_n_eff', 'f0_moment_1', 'f0_moment_2']...

Final evaluation...
Validation - Loss: 0.026037, MSE: 2.666641e-02, R²: -0.0059
  Omega_m: R² = -0.0050
  sigma_8: R² = -0.0142
  A_SN1: R² = -0.0018
  A_AGN1: R² = -0.0040
  A_SN2: R² = -0.0414
  A_AGN2: R² = -0.0033
Test - Loss: 0.024858, MSE: 2.737674e-02, R²: -0.0004
  Omega_m: R² = -0.0209
  sigma_8: R² = -0.0003
  A_SN1: R² = -0.0001
  A_AGN1: R² = -0.0000
  A_SN2: R² = -0.0022
  A_AGN2: R² = -0.0014
Saved model to data/models/stats_sym/simplified_set_dsr_20260104_140308.pt
Saved results to data/models/stats_sym/results_20260104_140308.json
Saved validation plot to data/models/stats_sym/plots/val_pred_vs_true_20260104_140308.png
Saved test plot to data/models/stats_sym/plots/test_pred_vs_true_20260104_140308.png

Done!
Finished at: Sun Jan  4 14:03:13 CST 2026
